<?xml version="1.0" encoding="UTF-8"?>
<testsuite xmlns:xsi="http://www.w3.org/2001/XMLSchema-instance" xsi:noNamespaceSchemaLocation="https://maven.apache.org/surefire/maven-surefire-plugin/xsd/surefire-test-report-3.0.xsd" version="3.0" name="com.airline.FlightTest" time="0.019" tests="6" errors="0" skipped="0" failures="0">
  <properties>
[...]
</properties>
  <testcase name="testCancelFlight" classname="com.airline.FlightTest" time="0.001"/>
  <testcase name="testPlanFlight" classname="com.airline.FlightTest" time="0.003"/>
  <testcase name="testAddCabinCrew" classname="com.airline.FlightTest" time="0.001"/>
  <testcase name="testSetAircraft" classname="com.airline.FlightTest" time="0.002"/>
  <testcase name="testModifyFlight" classname="com.airline.FlightTest" time="0.001"/>
  <testcase name="testAssignPilot" classname="com.airline.FlightTest" time="0.001"/>
</testsuite>